Electric Version 9.07
--------------- 0 --------------
  Mon May 16 00:15:21 BRT 2022
Menu Activated: File | Open Library...
--------------- 1 --------------
  Mon May 16 00:15:33 BRT 2022
Menu Activated: Tools | DRC | Check Hierarchically
--------------- 2 --------------
  Mon May 16 00:21:21 BRT 2022
ProcessKeyBinding 402 when=1652671281172 modifiers=0 code=8 char=8 false true
--------------- 3 --------------
  Mon May 16 00:21:21 BRT 2022
ProcessKeyBinding 402 when=1652671281412 modifiers=0 code=8 char=8 false true
--------------- 4 --------------
  Mon May 16 00:21:21 BRT 2022
ProcessKeyBinding 402 when=1652671281596 modifiers=0 code=8 char=8 false true
--------------- 5 --------------
  Mon May 16 00:21:21 BRT 2022
ProcessKeyBinding 402 when=1652671281795 modifiers=0 code=8 char=8 false true
--------------- 6 --------------
  Mon May 16 00:21:29 BRT 2022
Menu Activated: Tools | DRC | Check Hierarchically
--------------- 7 --------------
  Mon May 16 00:21:37 BRT 2022
Menu Activated: Tools | Simulation (Spice) | Write Spice Deck...
--------------- 8 --------------
  Mon May 16 00:24:02 BRT 2022
Menu Activated: File | Save Library
