Flow report for n_3_with_when
Mon Jun 13 22:56:24 2022
Quartus II 64-Bit Version 13.1.0 Build 162 10/23/2013 SJ Web Edition


---------------------
; Table of Contents ;
---------------------
  1. Legal Notice
  2. Flow Summary
  3. Flow Settings
  4. Flow Non-Default Global Settings
  5. Flow Elapsed Time
  6. Flow OS Summary
  7. Flow Log
  8. Flow Messages
  9. Flow Suppressed Messages



----------------
; Legal Notice ;
----------------
Copyright (C) 1991-2013 Altera Corporation
Your use of Altera Corporation's design tools, logic functions 
and other software and tools, and its AMPP partner logic 
functions, and any output files from any of the foregoing 
(including device programming or simulation files), and any 
associated documentation or information are expressly subject 
to the terms and conditions of the Altera Program License 
Subscription Agreement, Altera MegaCore Function License 
Agreement, or other applicable license agreement, including, 
without limitation, that your use is for the sole purpose of 
programming logic devices manufactured by Altera and sold by 
Altera or its authorized distributors.  Please refer to the 
applicable agreement for further details.



+---------------------------------------------------------------------------------+
; Flow Summary                                                                    ;
+------------------------------------+--------------------------------------------+
; Flow Status                        ; Successful - Mon Jun 13 22:56:24 2022      ;
; Quartus II 64-Bit Version          ; 13.1.0 Build 162 10/23/2013 SJ Web Edition ;
; Revision Name                      ; n_3_with_when                              ;
; Top-level Entity Name              ; address_decoder                            ;
; Family                             ; Cyclone III                                ;
; Device                             ; EP3C10E144C8                               ;
; Timing Models                      ; Final                                      ;
; Total logic elements               ; 8                                          ;
;     Total combinational functions  ; 8                                          ;
;     Dedicated logic registers      ; 0                                          ;
; Total registers                    ; 0                                          ;
; Total pins                         ; 11                                         ;
; Total virtual pins                 ; 0                                          ;
; Total memory bits                  ; 0                                          ;
; Embedded Multiplier 9-bit elements ; 0                                          ;
; Total PLLs                         ; 0                                          ;
+------------------------------------+--------------------------------------------+


+-----------------------------------------+
; Flow Settings                           ;
+-------------------+---------------------+
; Option            ; Setting             ;
+-------------------+---------------------+
; Start date & time ; 06/13/2022 22:54:48 ;
; Main task         ; Compilation         ;
; Revision Name     ; n_3_with_when       ;
+-------------------+---------------------+


+--------------------------------------------------------------------------------------------------------------------------+
; Flow Non-Default Global Settings                                                                                         ;
+-------------------------------------+---------------------------------+---------------+-----------------+----------------+
; Assignment Name                     ; Value                           ; Default Value ; Entity Name     ; Section Id     ;
+-------------------------------------+---------------------------------+---------------+-----------------+----------------+
; COMPILER_SIGNATURE_ID               ; 154880087922480.165517168812576 ; --            ; --              ; --             ;
; EDA_OUTPUT_DATA_FORMAT              ; Vhdl                            ; --            ; --              ; eda_simulation ;
; EDA_SIMULATION_TOOL                 ; ModelSim-Altera (VHDL)          ; <None>        ; --              ; --             ;
; MAX_CORE_JUNCTION_TEMP              ; 85                              ; --            ; --              ; --             ;
; MIN_CORE_JUNCTION_TEMP              ; 0                               ; --            ; --              ; --             ;
; NOMINAL_CORE_SUPPLY_VOLTAGE         ; 1.2V                            ; --            ; --              ; --             ;
; PARTITION_COLOR                     ; 16764057                        ; --            ; address_decoder ; Top            ;
; PARTITION_FITTER_PRESERVATION_LEVEL ; PLACEMENT_AND_ROUTING           ; --            ; address_decoder ; Top            ;
; PARTITION_NETLIST_TYPE              ; SOURCE                          ; --            ; address_decoder ; Top            ;
; PROJECT_OUTPUT_DIRECTORY            ; output_files                    ; --            ; --              ; --             ;
; TOP_LEVEL_ENTITY                    ; address_decoder                 ; n_3_with_when ; --              ; --             ;
+-------------------------------------+---------------------------------+---------------+-----------------+----------------+


+--------------------------------------------------------------------------------------------------------------------------+
; Flow Elapsed Time                                                                                                        ;
+----------------------+--------------+-------------------------+---------------------+------------------------------------+
; Module Name          ; Elapsed Time ; Average Processors Used ; Peak Virtual Memory ; Total CPU Time (on all processors) ;
+----------------------+--------------+-------------------------+---------------------+------------------------------------+
; Analysis & Synthesis ; 00:00:03     ; 1.0                     ; 4654 MB             ; 00:00:03                           ;
; EDA Netlist Writer   ; 00:00:02     ; 1.0                     ; 4542 MB             ; 00:00:01                           ;
; EDA Netlist Writer   ; 00:00:01     ; 1.0                     ; 4537 MB             ; 00:00:01                           ;
; EDA Netlist Writer   ; 00:00:01     ; 1.0                     ; 4537 MB             ; 00:00:01                           ;
; EDA Netlist Writer   ; 00:00:01     ; 1.0                     ; 4537 MB             ; 00:00:01                           ;
; Total                ; 00:00:08     ; --                      ; --                  ; 00:00:07                           ;
+----------------------+--------------+-------------------------+---------------------+------------------------------------+


+-----------------------------------------------------------------------------------+
; Flow OS Summary                                                                   ;
+----------------------+------------------+-----------+------------+----------------+
; Module Name          ; Machine Hostname ; OS Name   ; OS Version ; Processor type ;
+----------------------+------------------+-----------+------------+----------------+
; Analysis & Synthesis ; DESKTOP-0678CM9  ; Windows 7 ; 6.2        ; x86_64         ;
; EDA Netlist Writer   ; DESKTOP-0678CM9  ; Windows 7 ; 6.2        ; x86_64         ;
; EDA Netlist Writer   ; DESKTOP-0678CM9  ; Windows 7 ; 6.2        ; x86_64         ;
; EDA Netlist Writer   ; DESKTOP-0678CM9  ; Windows 7 ; 6.2        ; x86_64         ;
; EDA Netlist Writer   ; DESKTOP-0678CM9  ; Windows 7 ; 6.2        ; x86_64         ;
+----------------------+------------------+-----------+------------+----------------+


------------
; Flow Log ;
------------
quartus_map --read_settings_files=on --write_settings_files=off n_3_with_when -c n_3_with_when
quartus_eda --gen_testbench --check_outputs=on --tool=modelsim_oem --format=verilog n_3_with_when -c n_3_with_when --vector_source=C:/Users/iagof/Documents/Per-odo-8-facul/MICROELETRONICA-OPTATIVA/TRABALHOS/atividade-vhdl/atividade3/1/teste01.vwf --testbench_file=C:/Users/iagof/Documents/Per-odo-8-facul/MICROELETRONICA-OPTATIVA/TRABALHOS/atividade-vhdl/atividade3/1/simulation/qsim/teste01.vwf.vt
quartus_eda --functional=off --flatten_buses=off --timescale=1ps --simulation=on --tool=modelsim_oem --format=verilog --output_directory=C:/Users/iagof/Documents/Per-odo-8-facul/MICROELETRONICA-OPTATIVA/TRABALHOS/atividade-vhdl/atividade3/1/simulation/qsim/ n_3_with_when -c n_3_with_when
quartus_eda --gen_testbench --check_outputs=on --tool=modelsim_oem --format=verilog n_3_with_when -c n_3_with_when --vector_source=C:/Users/iagof/Documents/Per-odo-8-facul/MICROELETRONICA-OPTATIVA/TRABALHOS/atividade-vhdl/atividade3/1/teste01.vwf --testbench_file=C:/Users/iagof/Documents/Per-odo-8-facul/MICROELETRONICA-OPTATIVA/TRABALHOS/atividade-vhdl/atividade3/1/simulation/qsim/teste01.vwf.vt
quartus_eda --functional=on --flatten_buses=off --simulation=on --tool=modelsim_oem --format=verilog --output_directory=C:/Users/iagof/Documents/Per-odo-8-facul/MICROELETRONICA-OPTATIVA/TRABALHOS/atividade-vhdl/atividade3/1/simulation/qsim/ n_3_with_when -c n_3_with_when



