04/24/2022 04:46:44 AM ===========================================================
04/24/2022 04:46:44 AM Cidade Inicial: Arad
04/24/2022 04:46:44 AM Cidade Objetivo: Neamt
04/24/2022 04:46:44 AM ===========================================================

04/24/2022 04:46:44 AM ===========================================================
04/24/2022 04:46:44 AM Nós percorridos: 1
04/24/2022 04:46:44 AM Cidade Atual: Arad
04/24/2022 04:46:44 AM Cidades Adj: [['Zerind', 75], ['Sibiu', 140], ['Timisoara', 118]]
04/24/2022 04:46:44 AM Numero de Adjacentes: 3
04/24/2022 04:46:44 AM 

04/24/2022 04:46:44 AM Cidade Adjacente: Zerind
04/24/2022 04:46:44 AM Distancia: 75
04/24/2022 04:46:44 AM Custo: 75 = 75
04/24/2022 04:46:44 AM Visitada: False
04/24/2022 04:46:44 AM 

04/24/2022 04:46:44 AM Cidade Adjacente: Sibiu
04/24/2022 04:46:44 AM Distancia: 140
04/24/2022 04:46:44 AM Custo: 140 = 140
04/24/2022 04:46:44 AM Visitada: False
04/24/2022 04:46:44 AM 

04/24/2022 04:46:44 AM Cidade Adjacente: Timisoara
04/24/2022 04:46:44 AM Distancia: 118
04/24/2022 04:46:44 AM Custo: 118 = 118
04/24/2022 04:46:44 AM Visitada: False
04/24/2022 04:46:44 AM 

04/24/2022 04:46:44 AM Definindo próxima cidade na rota...
04/24/2022 04:46:44 AM Lista de Custo: [['Zerind', 75], ['Sibiu', 140], ['Timisoara', 118]]
04/24/2022 04:46:44 AM 75
04/24/2022 04:46:44 AM Custo menor atual: 75
04/24/2022 04:46:44 AM ===========================================================

04/24/2022 04:46:44 AM ===========================================================
04/24/2022 04:46:44 AM Nós percorridos: 2
04/24/2022 04:46:44 AM Cidade Atual: Zerind
04/24/2022 04:46:44 AM Cidades Adj: [['Arad', 75], ['Oradea', 71]]
04/24/2022 04:46:44 AM Numero de Adjacentes: 2
04/24/2022 04:46:44 AM 

04/24/2022 04:46:44 AM Cidade Adjacente: Arad
04/24/2022 04:46:44 AM Distancia: 75
04/24/2022 04:46:44 AM Custo: 75 = 75
04/24/2022 04:46:44 AM Visitada: True
04/24/2022 04:46:44 AM 

04/24/2022 04:46:44 AM Cidade Adjacente: Oradea
04/24/2022 04:46:44 AM Distancia: 71
04/24/2022 04:46:44 AM Custo: 71 = 71
04/24/2022 04:46:44 AM Visitada: False
04/24/2022 04:46:44 AM 

04/24/2022 04:46:44 AM Definindo próxima cidade na rota...
04/24/2022 04:46:44 AM Lista de Custo: [['Zerind', 75], ['Sibiu', 140], ['Timisoara', 118], ['Arad', 75], ['Oradea', 71]]
04/24/2022 04:46:44 AM 75
04/24/2022 04:46:44 AM Removendo da lista: Zerind
04/24/2022 04:46:44 AM Lista de Custo: [['Sibiu', 140], ['Timisoara', 118], ['Arad', 75], ['Oradea', 71]]
04/24/2022 04:46:44 AM 

04/24/2022 04:46:44 AM 

04/24/2022 04:46:44 AM Removendo da lista: Arad
04/24/2022 04:46:44 AM Lista de Custo: [['Sibiu', 140], ['Timisoara', 118], ['Oradea', 71]]
04/24/2022 04:46:44 AM 

04/24/2022 04:46:44 AM ===========================================================

04/24/2022 04:46:44 AM ===========================================================
04/24/2022 04:46:44 AM Nós percorridos: 3
04/24/2022 04:46:44 AM Cidade Atual: Sibiu
04/24/2022 04:46:44 AM Cidades Adj: [['Arad', 140], ['Oradea', 151], ['RimnicuVilcea', 80], ['Fagaras', 99]]
04/24/2022 04:46:44 AM Numero de Adjacentes: 4
04/24/2022 04:46:44 AM 

04/24/2022 04:46:44 AM Cidade Adjacente: Arad
04/24/2022 04:46:44 AM Distancia: 140
04/24/2022 04:46:44 AM Custo: 140 = 140
04/24/2022 04:46:44 AM Visitada: True
04/24/2022 04:46:44 AM 

04/24/2022 04:46:44 AM Cidade Adjacente: Oradea
04/24/2022 04:46:44 AM Distancia: 151
04/24/2022 04:46:44 AM Custo: 151 = 151
04/24/2022 04:46:44 AM Visitada: False
04/24/2022 04:46:44 AM 

04/24/2022 04:46:44 AM Cidade Adjacente: RimnicuVilcea
04/24/2022 04:46:44 AM Distancia: 80
04/24/2022 04:46:44 AM Custo: 80 = 80
04/24/2022 04:46:44 AM Visitada: False
04/24/2022 04:46:44 AM 

04/24/2022 04:46:44 AM Cidade Adjacente: Fagaras
04/24/2022 04:46:44 AM Distancia: 99
04/24/2022 04:46:44 AM Custo: 99 = 99
04/24/2022 04:46:44 AM Visitada: False
04/24/2022 04:46:44 AM 

04/24/2022 04:46:44 AM Definindo próxima cidade na rota...
04/24/2022 04:46:44 AM Lista de Custo: [['Sibiu', 140], ['Timisoara', 118], ['Oradea', 71], ['Arad', 140], ['Oradea', 151], ['RimnicuVilcea', 80], ['Fagaras', 99]]
04/24/2022 04:46:44 AM 140
04/24/2022 04:46:44 AM Removendo da lista: Sibiu
04/24/2022 04:46:44 AM Lista de Custo: [['Timisoara', 118], ['Oradea', 71], ['Arad', 140], ['Oradea', 151], ['RimnicuVilcea', 80], ['Fagaras', 99]]
04/24/2022 04:46:44 AM 

04/24/2022 04:46:44 AM Custo menor atual: 71
04/24/2022 04:46:44 AM ===========================================================

04/24/2022 04:46:44 AM ===========================================================
04/24/2022 04:46:44 AM Nós percorridos: 4
04/24/2022 04:46:44 AM Cidade Atual: Oradea
04/24/2022 04:46:44 AM Cidades Adj: [['Sibiu', 151], ['Zerind', 71]]
04/24/2022 04:46:44 AM Numero de Adjacentes: 2
04/24/2022 04:46:44 AM 

04/24/2022 04:46:44 AM Cidade Adjacente: Sibiu
04/24/2022 04:46:44 AM Distancia: 151
04/24/2022 04:46:44 AM Custo: 151 = 151
04/24/2022 04:46:44 AM Visitada: True
04/24/2022 04:46:44 AM 

04/24/2022 04:46:44 AM Cidade Adjacente: Zerind
04/24/2022 04:46:44 AM Distancia: 71
04/24/2022 04:46:44 AM Custo: 71 = 71
04/24/2022 04:46:44 AM Visitada: True
04/24/2022 04:46:44 AM 

04/24/2022 04:46:44 AM Definindo próxima cidade na rota...
04/24/2022 04:46:44 AM Lista de Custo: [['Timisoara', 118], ['Oradea', 71], ['Arad', 140], ['Oradea', 151], ['RimnicuVilcea', 80], ['Fagaras', 99], ['Sibiu', 151], ['Zerind', 71]]
04/24/2022 04:46:44 AM 118
04/24/2022 04:46:44 AM Custo menor atual: 118
04/24/2022 04:46:44 AM ===========================================================

04/24/2022 04:46:44 AM ===========================================================
04/24/2022 04:46:44 AM Nós percorridos: 5
04/24/2022 04:46:44 AM Cidade Atual: Timisoara
04/24/2022 04:46:44 AM Cidades Adj: [['Arad', 118], ['Lugoj', 111]]
04/24/2022 04:46:44 AM Numero de Adjacentes: 2
04/24/2022 04:46:44 AM 

04/24/2022 04:46:44 AM Cidade Adjacente: Arad
04/24/2022 04:46:44 AM Distancia: 118
04/24/2022 04:46:44 AM Custo: 118 = 118
04/24/2022 04:46:44 AM Visitada: True
04/24/2022 04:46:44 AM 

04/24/2022 04:46:44 AM Cidade Adjacente: Lugoj
04/24/2022 04:46:44 AM Distancia: 111
04/24/2022 04:46:44 AM Custo: 111 = 111
04/24/2022 04:46:44 AM Visitada: False
04/24/2022 04:46:44 AM 

04/24/2022 04:46:44 AM Definindo próxima cidade na rota...
04/24/2022 04:46:44 AM Lista de Custo: [['Timisoara', 118], ['Oradea', 71], ['Arad', 140], ['Oradea', 151], ['RimnicuVilcea', 80], ['Fagaras', 99], ['Sibiu', 151], ['Zerind', 71], ['Arad', 118], ['Lugoj', 111]]
04/24/2022 04:46:44 AM 118
04/24/2022 04:46:44 AM Removendo da lista: Timisoara
04/24/2022 04:46:44 AM Lista de Custo: [['Oradea', 71], ['Arad', 140], ['Oradea', 151], ['RimnicuVilcea', 80], ['Fagaras', 99], ['Sibiu', 151], ['Zerind', 71], ['Arad', 118], ['Lugoj', 111]]
04/24/2022 04:46:44 AM 

04/24/2022 04:46:44 AM 

04/24/2022 04:46:44 AM 

04/24/2022 04:46:44 AM Custo menor atual: 80
04/24/2022 04:46:44 AM ===========================================================

04/24/2022 04:46:44 AM ===========================================================
04/24/2022 04:46:44 AM Nós percorridos: 6
04/24/2022 04:46:44 AM Cidade Atual: RimnicuVilcea
04/24/2022 04:46:44 AM Cidades Adj: [['Sibiu', 80], ['Pitesti', 97], ['Craiova', 146]]
04/24/2022 04:46:44 AM Numero de Adjacentes: 3
04/24/2022 04:46:44 AM 

04/24/2022 04:46:44 AM Cidade Adjacente: Sibiu
04/24/2022 04:46:44 AM Distancia: 80
04/24/2022 04:46:44 AM Custo: 80 = 80
04/24/2022 04:46:44 AM Visitada: True
04/24/2022 04:46:44 AM 

04/24/2022 04:46:44 AM Cidade Adjacente: Pitesti
04/24/2022 04:46:44 AM Distancia: 97
04/24/2022 04:46:44 AM Custo: 97 = 97
04/24/2022 04:46:44 AM Visitada: False
04/24/2022 04:46:44 AM 

04/24/2022 04:46:44 AM Cidade Adjacente: Craiova
04/24/2022 04:46:44 AM Distancia: 146
04/24/2022 04:46:44 AM Custo: 146 = 146
04/24/2022 04:46:44 AM Visitada: False
04/24/2022 04:46:44 AM 

04/24/2022 04:46:44 AM Definindo próxima cidade na rota...
04/24/2022 04:46:44 AM Lista de Custo: [['Oradea', 71], ['Arad', 140], ['Oradea', 151], ['RimnicuVilcea', 80], ['Fagaras', 99], ['Sibiu', 151], ['Zerind', 71], ['Arad', 118], ['Lugoj', 111], ['Sibiu', 80], ['Pitesti', 97], ['Craiova', 146]]
04/24/2022 04:46:44 AM 71
04/24/2022 04:46:44 AM Removendo da lista: Oradea
04/24/2022 04:46:44 AM Lista de Custo: [['Arad', 140], ['Oradea', 151], ['RimnicuVilcea', 80], ['Fagaras', 99], ['Sibiu', 151], ['Zerind', 71], ['Arad', 118], ['Lugoj', 111], ['Sibiu', 80], ['Pitesti', 97], ['Craiova', 146]]
04/24/2022 04:46:44 AM 

04/24/2022 04:46:44 AM 

04/24/2022 04:46:44 AM 

04/24/2022 04:46:44 AM 

04/24/2022 04:46:44 AM 

04/24/2022 04:46:44 AM Removendo da lista: Zerind
04/24/2022 04:46:44 AM Lista de Custo: [['Arad', 140], ['Oradea', 151], ['RimnicuVilcea', 80], ['Fagaras', 99], ['Sibiu', 151], ['Arad', 118], ['Lugoj', 111], ['Sibiu', 80], ['Pitesti', 97], ['Craiova', 146]]
04/24/2022 04:46:44 AM 

04/24/2022 04:46:44 AM 

04/24/2022 04:46:44 AM 

04/24/2022 04:46:44 AM 

04/24/2022 04:46:44 AM 

04/24/2022 04:46:44 AM ===========================================================

04/24/2022 04:46:44 AM ===========================================================
04/24/2022 04:46:44 AM Nós percorridos: 7
04/24/2022 04:46:44 AM Cidade Atual: Arad
04/24/2022 04:46:44 AM Cidades Adj: [['Zerind', 75], ['Sibiu', 140], ['Timisoara', 118]]
04/24/2022 04:46:44 AM Numero de Adjacentes: 3
04/24/2022 04:46:44 AM 

04/24/2022 04:46:44 AM Cidade Adjacente: Zerind
04/24/2022 04:46:44 AM Distancia: 75
04/24/2022 04:46:44 AM Custo: 75 = 75
04/24/2022 04:46:44 AM Visitada: True
04/24/2022 04:46:44 AM 

04/24/2022 04:46:44 AM Cidade Adjacente: Sibiu
04/24/2022 04:46:44 AM Distancia: 140
04/24/2022 04:46:44 AM Custo: 140 = 140
04/24/2022 04:46:44 AM Visitada: True
04/24/2022 04:46:44 AM 

04/24/2022 04:46:44 AM Cidade Adjacente: Timisoara
04/24/2022 04:46:44 AM Distancia: 118
04/24/2022 04:46:44 AM Custo: 118 = 118
04/24/2022 04:46:44 AM Visitada: True
04/24/2022 04:46:44 AM 

04/24/2022 04:46:44 AM Definindo próxima cidade na rota...
04/24/2022 04:46:44 AM Lista de Custo: [['Arad', 140], ['Oradea', 151], ['RimnicuVilcea', 80], ['Fagaras', 99], ['Sibiu', 151], ['Arad', 118], ['Lugoj', 111], ['Sibiu', 80], ['Pitesti', 97], ['Craiova', 146], ['Zerind', 75], ['Sibiu', 140], ['Timisoara', 118]]
04/24/2022 04:46:44 AM 140
04/24/2022 04:46:44 AM Removendo da lista: Arad
04/24/2022 04:46:44 AM Lista de Custo: [['Oradea', 151], ['RimnicuVilcea', 80], ['Fagaras', 99], ['Sibiu', 151], ['Arad', 118], ['Lugoj', 111], ['Sibiu', 80], ['Pitesti', 97], ['Craiova', 146], ['Zerind', 75], ['Sibiu', 140], ['Timisoara', 118]]
04/24/2022 04:46:44 AM 

04/24/2022 04:46:44 AM Removendo da lista: RimnicuVilcea
04/24/2022 04:46:44 AM Lista de Custo: [['Oradea', 151], ['Fagaras', 99], ['Sibiu', 151], ['Arad', 118], ['Lugoj', 111], ['Sibiu', 80], ['Pitesti', 97], ['Craiova', 146], ['Zerind', 75], ['Sibiu', 140], ['Timisoara', 118]]
04/24/2022 04:46:44 AM 

04/24/2022 04:46:44 AM 

04/24/2022 04:46:44 AM Removendo da lista: Arad
04/24/2022 04:46:44 AM Lista de Custo: [['Oradea', 151], ['Fagaras', 99], ['Sibiu', 151], ['Lugoj', 111], ['Sibiu', 80], ['Pitesti', 97], ['Craiova', 146], ['Zerind', 75], ['Sibiu', 140], ['Timisoara', 118]]
04/24/2022 04:46:44 AM 

04/24/2022 04:46:44 AM Removendo da lista: Sibiu
04/24/2022 04:46:44 AM Lista de Custo: [['Oradea', 151], ['Fagaras', 99], ['Sibiu', 151], ['Lugoj', 111], ['Pitesti', 97], ['Craiova', 146], ['Zerind', 75], ['Sibiu', 140], ['Timisoara', 118]]
04/24/2022 04:46:44 AM 

04/24/2022 04:46:44 AM 

04/24/2022 04:46:44 AM Removendo da lista: Zerind
04/24/2022 04:46:44 AM Lista de Custo: [['Oradea', 151], ['Fagaras', 99], ['Sibiu', 151], ['Lugoj', 111], ['Pitesti', 97], ['Craiova', 146], ['Sibiu', 140], ['Timisoara', 118]]
04/24/2022 04:46:44 AM 

04/24/2022 04:46:44 AM Removendo da lista: Timisoara
04/24/2022 04:46:44 AM Lista de Custo: [['Oradea', 151], ['Fagaras', 99], ['Sibiu', 151], ['Lugoj', 111], ['Pitesti', 97], ['Craiova', 146], ['Sibiu', 140]]
04/24/2022 04:46:44 AM 

04/24/2022 04:46:44 AM ===========================================================

04/24/2022 04:46:44 AM ===========================================================
04/24/2022 04:46:44 AM Nós percorridos: 8
04/24/2022 04:46:44 AM Cidade Atual: Oradea
04/24/2022 04:46:44 AM Cidades Adj: [['Sibiu', 151], ['Zerind', 71]]
04/24/2022 04:46:44 AM Numero de Adjacentes: 2
04/24/2022 04:46:44 AM 

04/24/2022 04:46:44 AM Cidade Adjacente: Sibiu
04/24/2022 04:46:44 AM Distancia: 151
04/24/2022 04:46:44 AM Custo: 151 = 151
04/24/2022 04:46:44 AM Visitada: True
04/24/2022 04:46:44 AM 

04/24/2022 04:46:44 AM Cidade Adjacente: Zerind
04/24/2022 04:46:44 AM Distancia: 71
04/24/2022 04:46:44 AM Custo: 71 = 71
04/24/2022 04:46:44 AM Visitada: True
04/24/2022 04:46:44 AM 

04/24/2022 04:46:44 AM Definindo próxima cidade na rota...
04/24/2022 04:46:44 AM Lista de Custo: [['Oradea', 151], ['Fagaras', 99], ['Sibiu', 151], ['Lugoj', 111], ['Pitesti', 97], ['Craiova', 146], ['Sibiu', 140], ['Sibiu', 151], ['Zerind', 71]]
04/24/2022 04:46:44 AM 151
04/24/2022 04:46:44 AM Removendo da lista: Oradea
04/24/2022 04:46:44 AM Lista de Custo: [['Fagaras', 99], ['Sibiu', 151], ['Lugoj', 111], ['Pitesti', 97], ['Craiova', 146], ['Sibiu', 140], ['Sibiu', 151], ['Zerind', 71]]
04/24/2022 04:46:44 AM 

04/24/2022 04:46:44 AM Removendo da lista: Sibiu
04/24/2022 04:46:44 AM Lista de Custo: [['Fagaras', 99], ['Lugoj', 111], ['Pitesti', 97], ['Craiova', 146], ['Sibiu', 140], ['Sibiu', 151], ['Zerind', 71]]
04/24/2022 04:46:44 AM 

04/24/2022 04:46:44 AM Custo menor atual: 97
04/24/2022 04:46:44 AM ===========================================================

04/24/2022 04:46:44 AM ===========================================================
04/24/2022 04:46:44 AM Nós percorridos: 9
04/24/2022 04:46:44 AM Cidade Atual: Pitesti
04/24/2022 04:46:44 AM Cidades Adj: [['RimnicuVilcea', 97], ['Craiova', 138], ['Bucharest', 101]]
04/24/2022 04:46:44 AM Numero de Adjacentes: 3
04/24/2022 04:46:44 AM 

04/24/2022 04:46:44 AM Cidade Adjacente: RimnicuVilcea
04/24/2022 04:46:44 AM Distancia: 97
04/24/2022 04:46:44 AM Custo: 97 = 97
04/24/2022 04:46:44 AM Visitada: True
04/24/2022 04:46:44 AM 

04/24/2022 04:46:44 AM Cidade Adjacente: Craiova
04/24/2022 04:46:44 AM Distancia: 138
04/24/2022 04:46:44 AM Custo: 138 = 138
04/24/2022 04:46:44 AM Visitada: False
04/24/2022 04:46:44 AM 

04/24/2022 04:46:44 AM Cidade Adjacente: Bucharest
04/24/2022 04:46:44 AM Distancia: 101
04/24/2022 04:46:44 AM Custo: 101 = 101
04/24/2022 04:46:44 AM Visitada: False
04/24/2022 04:46:44 AM 

04/24/2022 04:46:44 AM Definindo próxima cidade na rota...
04/24/2022 04:46:44 AM Lista de Custo: [['Fagaras', 99], ['Lugoj', 111], ['Pitesti', 97], ['Craiova', 146], ['Sibiu', 140], ['Sibiu', 151], ['Zerind', 71], ['RimnicuVilcea', 97], ['Craiova', 138], ['Bucharest', 101]]
04/24/2022 04:46:44 AM 99
04/24/2022 04:46:44 AM Custo menor atual: 99
04/24/2022 04:46:44 AM ===========================================================

04/24/2022 04:46:44 AM ===========================================================
04/24/2022 04:46:44 AM Nós percorridos: 10
04/24/2022 04:46:44 AM Cidade Atual: Fagaras
04/24/2022 04:46:44 AM Cidades Adj: [['Sibiu', 99], ['Bucharest', 211]]
04/24/2022 04:46:44 AM Numero de Adjacentes: 2
04/24/2022 04:46:44 AM 

04/24/2022 04:46:44 AM Cidade Adjacente: Sibiu
04/24/2022 04:46:44 AM Distancia: 99
04/24/2022 04:46:44 AM Custo: 99 = 99
04/24/2022 04:46:44 AM Visitada: True
04/24/2022 04:46:44 AM 

04/24/2022 04:46:44 AM Cidade Adjacente: Bucharest
04/24/2022 04:46:44 AM Distancia: 211
04/24/2022 04:46:44 AM Custo: 211 = 211
04/24/2022 04:46:44 AM Visitada: False
04/24/2022 04:46:44 AM 

04/24/2022 04:46:44 AM Definindo próxima cidade na rota...
04/24/2022 04:46:44 AM Lista de Custo: [['Fagaras', 99], ['Lugoj', 111], ['Pitesti', 97], ['Craiova', 146], ['Sibiu', 140], ['Sibiu', 151], ['Zerind', 71], ['RimnicuVilcea', 97], ['Craiova', 138], ['Bucharest', 101], ['Sibiu', 99], ['Bucharest', 211]]
04/24/2022 04:46:44 AM 99
04/24/2022 04:46:44 AM Removendo da lista: Fagaras
04/24/2022 04:46:44 AM Lista de Custo: [['Lugoj', 111], ['Pitesti', 97], ['Craiova', 146], ['Sibiu', 140], ['Sibiu', 151], ['Zerind', 71], ['RimnicuVilcea', 97], ['Craiova', 138], ['Bucharest', 101], ['Sibiu', 99], ['Bucharest', 211]]
04/24/2022 04:46:44 AM 

04/24/2022 04:46:44 AM Removendo da lista: Pitesti
04/24/2022 04:46:44 AM Lista de Custo: [['Lugoj', 111], ['Craiova', 146], ['Sibiu', 140], ['Sibiu', 151], ['Zerind', 71], ['RimnicuVilcea', 97], ['Craiova', 138], ['Bucharest', 101], ['Sibiu', 99], ['Bucharest', 211]]
04/24/2022 04:46:44 AM 

04/24/2022 04:46:44 AM 

04/24/2022 04:46:44 AM 

04/24/2022 04:46:44 AM Removendo da lista: Zerind
04/24/2022 04:46:44 AM Lista de Custo: [['Lugoj', 111], ['Craiova', 146], ['Sibiu', 140], ['Sibiu', 151], ['RimnicuVilcea', 97], ['Craiova', 138], ['Bucharest', 101], ['Sibiu', 99], ['Bucharest', 211]]
04/24/2022 04:46:44 AM 

04/24/2022 04:46:44 AM 

04/24/2022 04:46:44 AM 

04/24/2022 04:46:44 AM Removendo da lista: Sibiu
04/24/2022 04:46:44 AM Lista de Custo: [['Lugoj', 111], ['Craiova', 146], ['Sibiu', 140], ['Sibiu', 151], ['RimnicuVilcea', 97], ['Craiova', 138], ['Bucharest', 101], ['Bucharest', 211]]
04/24/2022 04:46:44 AM 

04/24/2022 04:46:44 AM ===========================================================

04/24/2022 04:46:44 AM ===========================================================
04/24/2022 04:46:44 AM Nós percorridos: 11
04/24/2022 04:46:44 AM Cidade Atual: Lugoj
04/24/2022 04:46:44 AM Cidades Adj: [['Timisoara', 111], ['Mehadia', 70]]
04/24/2022 04:46:44 AM Numero de Adjacentes: 2
04/24/2022 04:46:44 AM 

04/24/2022 04:46:44 AM Cidade Adjacente: Timisoara
04/24/2022 04:46:44 AM Distancia: 111
04/24/2022 04:46:44 AM Custo: 111 = 111
04/24/2022 04:46:44 AM Visitada: True
04/24/2022 04:46:44 AM 

04/24/2022 04:46:44 AM Cidade Adjacente: Mehadia
04/24/2022 04:46:44 AM Distancia: 70
04/24/2022 04:46:44 AM Custo: 70 = 70
04/24/2022 04:46:44 AM Visitada: False
04/24/2022 04:46:44 AM 

04/24/2022 04:46:44 AM Definindo próxima cidade na rota...
04/24/2022 04:46:44 AM Lista de Custo: [['Lugoj', 111], ['Craiova', 146], ['Sibiu', 140], ['Sibiu', 151], ['RimnicuVilcea', 97], ['Craiova', 138], ['Bucharest', 101], ['Bucharest', 211], ['Timisoara', 111], ['Mehadia', 70]]
04/24/2022 04:46:44 AM 111
04/24/2022 04:46:44 AM Removendo da lista: Lugoj
04/24/2022 04:46:44 AM Lista de Custo: [['Craiova', 146], ['Sibiu', 140], ['Sibiu', 151], ['RimnicuVilcea', 97], ['Craiova', 138], ['Bucharest', 101], ['Bucharest', 211], ['Timisoara', 111], ['Mehadia', 70]]
04/24/2022 04:46:44 AM 

04/24/2022 04:46:44 AM 

04/24/2022 04:46:44 AM 

04/24/2022 04:46:44 AM Removendo da lista: RimnicuVilcea
04/24/2022 04:46:44 AM Lista de Custo: [['Craiova', 146], ['Sibiu', 140], ['Sibiu', 151], ['Craiova', 138], ['Bucharest', 101], ['Bucharest', 211], ['Timisoara', 111], ['Mehadia', 70]]
04/24/2022 04:46:44 AM 

04/24/2022 04:46:44 AM Custo menor atual: 101
04/24/2022 04:46:44 AM ===========================================================

04/24/2022 04:46:44 AM ===========================================================
04/24/2022 04:46:44 AM Nós percorridos: 12
04/24/2022 04:46:44 AM Cidade Atual: Bucharest
04/24/2022 04:46:44 AM Cidades Adj: [['Giurgiu', 90], ['Urziceni', 85], ['Fagaras', 211], ['Pitesti', 101]]
04/24/2022 04:46:44 AM Numero de Adjacentes: 4
04/24/2022 04:46:44 AM 

04/24/2022 04:46:44 AM Cidade Adjacente: Giurgiu
04/24/2022 04:46:44 AM Distancia: 90
04/24/2022 04:46:44 AM Custo: 90 = 90
04/24/2022 04:46:44 AM Visitada: False
04/24/2022 04:46:44 AM 

04/24/2022 04:46:44 AM Cidade Adjacente: Urziceni
04/24/2022 04:46:44 AM Distancia: 85
04/24/2022 04:46:44 AM Custo: 85 = 85
04/24/2022 04:46:44 AM Visitada: False
04/24/2022 04:46:44 AM 

04/24/2022 04:46:44 AM Cidade Adjacente: Fagaras
04/24/2022 04:46:44 AM Distancia: 211
04/24/2022 04:46:44 AM Custo: 211 = 211
04/24/2022 04:46:44 AM Visitada: True
04/24/2022 04:46:44 AM 

04/24/2022 04:46:44 AM Cidade Adjacente: Pitesti
04/24/2022 04:46:44 AM Distancia: 101
04/24/2022 04:46:44 AM Custo: 101 = 101
04/24/2022 04:46:44 AM Visitada: True
04/24/2022 04:46:44 AM 

04/24/2022 04:46:44 AM Definindo próxima cidade na rota...
04/24/2022 04:46:44 AM Lista de Custo: [['Craiova', 146], ['Sibiu', 140], ['Sibiu', 151], ['Craiova', 138], ['Bucharest', 101], ['Bucharest', 211], ['Timisoara', 111], ['Mehadia', 70], ['Giurgiu', 90], ['Urziceni', 85], ['Fagaras', 211], ['Pitesti', 101]]
04/24/2022 04:46:44 AM 146
04/24/2022 04:46:44 AM Custo menor atual: 146
04/24/2022 04:46:44 AM ===========================================================

04/24/2022 04:46:44 AM ===========================================================
04/24/2022 04:46:44 AM Nós percorridos: 13
04/24/2022 04:46:44 AM Cidade Atual: Craiova
04/24/2022 04:46:44 AM Cidades Adj: [['Dobreta', 120], ['RimnicuVilcea', 146], ['Pitesti', 138]]
04/24/2022 04:46:44 AM Numero de Adjacentes: 3
04/24/2022 04:46:44 AM 

04/24/2022 04:46:44 AM Cidade Adjacente: Dobreta
04/24/2022 04:46:44 AM Distancia: 120
04/24/2022 04:46:44 AM Custo: 120 = 120
04/24/2022 04:46:44 AM Visitada: False
04/24/2022 04:46:44 AM 

04/24/2022 04:46:44 AM Cidade Adjacente: RimnicuVilcea
04/24/2022 04:46:44 AM Distancia: 146
04/24/2022 04:46:44 AM Custo: 146 = 146
04/24/2022 04:46:44 AM Visitada: True
04/24/2022 04:46:44 AM 

04/24/2022 04:46:44 AM Cidade Adjacente: Pitesti
04/24/2022 04:46:44 AM Distancia: 138
04/24/2022 04:46:44 AM Custo: 138 = 138
04/24/2022 04:46:44 AM Visitada: True
04/24/2022 04:46:44 AM 

04/24/2022 04:46:44 AM Definindo próxima cidade na rota...
04/24/2022 04:46:44 AM Lista de Custo: [['Craiova', 146], ['Sibiu', 140], ['Sibiu', 151], ['Craiova', 138], ['Bucharest', 101], ['Bucharest', 211], ['Timisoara', 111], ['Mehadia', 70], ['Giurgiu', 90], ['Urziceni', 85], ['Fagaras', 211], ['Pitesti', 101], ['Dobreta', 120], ['RimnicuVilcea', 146], ['Pitesti', 138]]
04/24/2022 04:46:44 AM 146
04/24/2022 04:46:44 AM Removendo da lista: Craiova
04/24/2022 04:46:44 AM Lista de Custo: [['Sibiu', 140], ['Sibiu', 151], ['Craiova', 138], ['Bucharest', 101], ['Bucharest', 211], ['Timisoara', 111], ['Mehadia', 70], ['Giurgiu', 90], ['Urziceni', 85], ['Fagaras', 211], ['Pitesti', 101], ['Dobreta', 120], ['RimnicuVilcea', 146], ['Pitesti', 138]]
04/24/2022 04:46:44 AM 

04/24/2022 04:46:44 AM 

04/24/2022 04:46:44 AM Removendo da lista: Craiova
04/24/2022 04:46:44 AM Lista de Custo: [['Sibiu', 140], ['Sibiu', 151], ['Bucharest', 101], ['Bucharest', 211], ['Timisoara', 111], ['Mehadia', 70], ['Giurgiu', 90], ['Urziceni', 85], ['Fagaras', 211], ['Pitesti', 101], ['Dobreta', 120], ['RimnicuVilcea', 146], ['Pitesti', 138]]
04/24/2022 04:46:44 AM 

04/24/2022 04:46:44 AM 

04/24/2022 04:46:44 AM Removendo da lista: Timisoara
04/24/2022 04:46:44 AM Lista de Custo: [['Sibiu', 140], ['Sibiu', 151], ['Bucharest', 101], ['Bucharest', 211], ['Mehadia', 70], ['Giurgiu', 90], ['Urziceni', 85], ['Fagaras', 211], ['Pitesti', 101], ['Dobreta', 120], ['RimnicuVilcea', 146], ['Pitesti', 138]]
04/24/2022 04:46:44 AM 

04/24/2022 04:46:44 AM Custo menor atual: 90
04/24/2022 04:46:44 AM ===========================================================

04/24/2022 04:46:44 AM ===========================================================
04/24/2022 04:46:44 AM Nós percorridos: 14
04/24/2022 04:46:44 AM Cidade Atual: Giurgiu
04/24/2022 04:46:44 AM Cidades Adj: [['Bucharest', 90]]
04/24/2022 04:46:44 AM Numero de Adjacentes: 1
04/24/2022 04:46:44 AM 

04/24/2022 04:46:44 AM Cidade Adjacente: Bucharest
04/24/2022 04:46:44 AM Distancia: 90
04/24/2022 04:46:44 AM Custo: 90 = 90
04/24/2022 04:46:44 AM Visitada: True
04/24/2022 04:46:44 AM 

04/24/2022 04:46:44 AM Definindo próxima cidade na rota...
04/24/2022 04:46:44 AM Lista de Custo: [['Sibiu', 140], ['Sibiu', 151], ['Bucharest', 101], ['Bucharest', 211], ['Mehadia', 70], ['Giurgiu', 90], ['Urziceni', 85], ['Fagaras', 211], ['Pitesti', 101], ['Dobreta', 120], ['RimnicuVilcea', 146], ['Pitesti', 138], ['Bucharest', 90]]
04/24/2022 04:46:44 AM 140
04/24/2022 04:46:44 AM Removendo da lista: Sibiu
04/24/2022 04:46:44 AM Lista de Custo: [['Sibiu', 151], ['Bucharest', 101], ['Bucharest', 211], ['Mehadia', 70], ['Giurgiu', 90], ['Urziceni', 85], ['Fagaras', 211], ['Pitesti', 101], ['Dobreta', 120], ['RimnicuVilcea', 146], ['Pitesti', 138], ['Bucharest', 90]]
04/24/2022 04:46:44 AM 

04/24/2022 04:46:44 AM Removendo da lista: Bucharest
04/24/2022 04:46:44 AM Lista de Custo: [['Sibiu', 151], ['Bucharest', 211], ['Mehadia', 70], ['Giurgiu', 90], ['Urziceni', 85], ['Fagaras', 211], ['Pitesti', 101], ['Dobreta', 120], ['RimnicuVilcea', 146], ['Pitesti', 138], ['Bucharest', 90]]
04/24/2022 04:46:44 AM 

04/24/2022 04:46:44 AM Custo menor atual: 70
04/24/2022 04:46:44 AM ===========================================================

04/24/2022 04:46:44 AM ===========================================================
04/24/2022 04:46:44 AM Nós percorridos: 15
04/24/2022 04:46:44 AM Cidade Atual: Mehadia
04/24/2022 04:46:44 AM Cidades Adj: [['Dobreta', 75], ['Lugoj', 70]]
04/24/2022 04:46:44 AM Numero de Adjacentes: 2
04/24/2022 04:46:44 AM 

04/24/2022 04:46:44 AM Cidade Adjacente: Dobreta
04/24/2022 04:46:44 AM Distancia: 75
04/24/2022 04:46:44 AM Custo: 75 = 75
04/24/2022 04:46:44 AM Visitada: False
04/24/2022 04:46:44 AM 

04/24/2022 04:46:44 AM Cidade Adjacente: Lugoj
04/24/2022 04:46:44 AM Distancia: 70
04/24/2022 04:46:44 AM Custo: 70 = 70
04/24/2022 04:46:44 AM Visitada: True
04/24/2022 04:46:44 AM 

04/24/2022 04:46:44 AM Definindo próxima cidade na rota...
04/24/2022 04:46:44 AM Lista de Custo: [['Sibiu', 151], ['Bucharest', 211], ['Mehadia', 70], ['Giurgiu', 90], ['Urziceni', 85], ['Fagaras', 211], ['Pitesti', 101], ['Dobreta', 120], ['RimnicuVilcea', 146], ['Pitesti', 138], ['Bucharest', 90], ['Dobreta', 75], ['Lugoj', 70]]
04/24/2022 04:46:44 AM 151
04/24/2022 04:46:44 AM Removendo da lista: Sibiu
04/24/2022 04:46:44 AM Lista de Custo: [['Bucharest', 211], ['Mehadia', 70], ['Giurgiu', 90], ['Urziceni', 85], ['Fagaras', 211], ['Pitesti', 101], ['Dobreta', 120], ['RimnicuVilcea', 146], ['Pitesti', 138], ['Bucharest', 90], ['Dobreta', 75], ['Lugoj', 70]]
04/24/2022 04:46:44 AM 

04/24/2022 04:46:44 AM Removendo da lista: Mehadia
04/24/2022 04:46:44 AM Lista de Custo: [['Bucharest', 211], ['Giurgiu', 90], ['Urziceni', 85], ['Fagaras', 211], ['Pitesti', 101], ['Dobreta', 120], ['RimnicuVilcea', 146], ['Pitesti', 138], ['Bucharest', 90], ['Dobreta', 75], ['Lugoj', 70]]
04/24/2022 04:46:44 AM 

04/24/2022 04:46:44 AM Custo menor atual: 85
04/24/2022 04:46:44 AM ===========================================================

04/24/2022 04:46:44 AM ===========================================================
04/24/2022 04:46:44 AM Nós percorridos: 16
04/24/2022 04:46:44 AM Cidade Atual: Urziceni
04/24/2022 04:46:44 AM Cidades Adj: [['Vaslui', 142], ['Hirsova', 98], ['Bucharest', 85]]
04/24/2022 04:46:44 AM Numero de Adjacentes: 3
04/24/2022 04:46:44 AM 

04/24/2022 04:46:44 AM Cidade Adjacente: Vaslui
04/24/2022 04:46:44 AM Distancia: 142
04/24/2022 04:46:44 AM Custo: 142 = 142
04/24/2022 04:46:44 AM Visitada: False
04/24/2022 04:46:44 AM 

04/24/2022 04:46:44 AM Cidade Adjacente: Hirsova
04/24/2022 04:46:44 AM Distancia: 98
04/24/2022 04:46:44 AM Custo: 98 = 98
04/24/2022 04:46:44 AM Visitada: False
04/24/2022 04:46:44 AM 

04/24/2022 04:46:44 AM Cidade Adjacente: Bucharest
04/24/2022 04:46:44 AM Distancia: 85
04/24/2022 04:46:44 AM Custo: 85 = 85
04/24/2022 04:46:44 AM Visitada: True
04/24/2022 04:46:44 AM 

04/24/2022 04:46:44 AM Definindo próxima cidade na rota...
04/24/2022 04:46:44 AM Lista de Custo: [['Bucharest', 211], ['Giurgiu', 90], ['Urziceni', 85], ['Fagaras', 211], ['Pitesti', 101], ['Dobreta', 120], ['RimnicuVilcea', 146], ['Pitesti', 138], ['Bucharest', 90], ['Dobreta', 75], ['Lugoj', 70], ['Vaslui', 142], ['Hirsova', 98], ['Bucharest', 85]]
04/24/2022 04:46:44 AM 211
04/24/2022 04:46:44 AM Removendo da lista: Bucharest
04/24/2022 04:46:44 AM Lista de Custo: [['Giurgiu', 90], ['Urziceni', 85], ['Fagaras', 211], ['Pitesti', 101], ['Dobreta', 120], ['RimnicuVilcea', 146], ['Pitesti', 138], ['Bucharest', 90], ['Dobreta', 75], ['Lugoj', 70], ['Vaslui', 142], ['Hirsova', 98], ['Bucharest', 85]]
04/24/2022 04:46:44 AM 

04/24/2022 04:46:44 AM Removendo da lista: Urziceni
04/24/2022 04:46:44 AM Lista de Custo: [['Giurgiu', 90], ['Fagaras', 211], ['Pitesti', 101], ['Dobreta', 120], ['RimnicuVilcea', 146], ['Pitesti', 138], ['Bucharest', 90], ['Dobreta', 75], ['Lugoj', 70], ['Vaslui', 142], ['Hirsova', 98], ['Bucharest', 85]]
04/24/2022 04:46:44 AM 

04/24/2022 04:46:44 AM Removendo da lista: Pitesti
04/24/2022 04:46:44 AM Lista de Custo: [['Giurgiu', 90], ['Fagaras', 211], ['Dobreta', 120], ['RimnicuVilcea', 146], ['Pitesti', 138], ['Bucharest', 90], ['Dobreta', 75], ['Lugoj', 70], ['Vaslui', 142], ['Hirsova', 98], ['Bucharest', 85]]
04/24/2022 04:46:44 AM 

04/24/2022 04:46:44 AM Removendo da lista: RimnicuVilcea
04/24/2022 04:46:44 AM Lista de Custo: [['Giurgiu', 90], ['Fagaras', 211], ['Dobreta', 120], ['Pitesti', 138], ['Bucharest', 90], ['Dobreta', 75], ['Lugoj', 70], ['Vaslui', 142], ['Hirsova', 98], ['Bucharest', 85]]
04/24/2022 04:46:44 AM 

04/24/2022 04:46:44 AM Removendo da lista: Bucharest
04/24/2022 04:46:44 AM Lista de Custo: [['Giurgiu', 90], ['Fagaras', 211], ['Dobreta', 120], ['Pitesti', 138], ['Dobreta', 75], ['Lugoj', 70], ['Vaslui', 142], ['Hirsova', 98], ['Bucharest', 85]]
04/24/2022 04:46:44 AM 

04/24/2022 04:46:44 AM Removendo da lista: Lugoj
04/24/2022 04:46:44 AM Lista de Custo: [['Giurgiu', 90], ['Fagaras', 211], ['Dobreta', 120], ['Pitesti', 138], ['Dobreta', 75], ['Vaslui', 142], ['Hirsova', 98], ['Bucharest', 85]]
04/24/2022 04:46:44 AM 

04/24/2022 04:46:44 AM Custo menor atual: 98
04/24/2022 04:46:44 AM ===========================================================

04/24/2022 04:46:44 AM ===========================================================
04/24/2022 04:46:44 AM Nós percorridos: 17
04/24/2022 04:46:44 AM Cidade Atual: Hirsova
04/24/2022 04:46:44 AM Cidades Adj: [['Urziceni', 98], ['Eforie', 86]]
04/24/2022 04:46:44 AM Numero de Adjacentes: 2
04/24/2022 04:46:44 AM 

04/24/2022 04:46:44 AM Cidade Adjacente: Urziceni
04/24/2022 04:46:44 AM Distancia: 98
04/24/2022 04:46:44 AM Custo: 98 = 98
04/24/2022 04:46:44 AM Visitada: True
04/24/2022 04:46:44 AM 

04/24/2022 04:46:44 AM Cidade Adjacente: Eforie
04/24/2022 04:46:44 AM Distancia: 86
04/24/2022 04:46:44 AM Custo: 86 = 86
04/24/2022 04:46:44 AM Visitada: False
04/24/2022 04:46:44 AM 

04/24/2022 04:46:44 AM Definindo próxima cidade na rota...
04/24/2022 04:46:44 AM Lista de Custo: [['Giurgiu', 90], ['Fagaras', 211], ['Dobreta', 120], ['Pitesti', 138], ['Dobreta', 75], ['Vaslui', 142], ['Hirsova', 98], ['Bucharest', 85], ['Urziceni', 98], ['Eforie', 86]]
04/24/2022 04:46:44 AM 90
04/24/2022 04:46:44 AM Removendo da lista: Giurgiu
04/24/2022 04:46:44 AM Lista de Custo: [['Fagaras', 211], ['Dobreta', 120], ['Pitesti', 138], ['Dobreta', 75], ['Vaslui', 142], ['Hirsova', 98], ['Bucharest', 85], ['Urziceni', 98], ['Eforie', 86]]
04/24/2022 04:46:44 AM 

04/24/2022 04:46:44 AM 

04/24/2022 04:46:44 AM 

04/24/2022 04:46:44 AM Custo menor atual: 75
04/24/2022 04:46:44 AM ===========================================================

04/24/2022 04:46:44 AM ===========================================================
04/24/2022 04:46:44 AM Nós percorridos: 18
04/24/2022 04:46:44 AM Cidade Atual: Dobreta
04/24/2022 04:46:44 AM Cidades Adj: [['Mehadia', 75], ['Craiova', 120]]
04/24/2022 04:46:44 AM Numero de Adjacentes: 2
04/24/2022 04:46:44 AM 

04/24/2022 04:46:44 AM Cidade Adjacente: Mehadia
04/24/2022 04:46:44 AM Distancia: 75
04/24/2022 04:46:44 AM Custo: 75 = 75
04/24/2022 04:46:44 AM Visitada: True
04/24/2022 04:46:44 AM 

04/24/2022 04:46:44 AM Cidade Adjacente: Craiova
04/24/2022 04:46:44 AM Distancia: 120
04/24/2022 04:46:44 AM Custo: 120 = 120
04/24/2022 04:46:44 AM Visitada: True
04/24/2022 04:46:44 AM 

04/24/2022 04:46:44 AM Definindo próxima cidade na rota...
04/24/2022 04:46:44 AM Lista de Custo: [['Fagaras', 211], ['Dobreta', 120], ['Pitesti', 138], ['Dobreta', 75], ['Vaslui', 142], ['Hirsova', 98], ['Bucharest', 85], ['Urziceni', 98], ['Eforie', 86], ['Mehadia', 75], ['Craiova', 120]]
04/24/2022 04:46:44 AM 211
04/24/2022 04:46:44 AM Removendo da lista: Fagaras
04/24/2022 04:46:44 AM Lista de Custo: [['Dobreta', 120], ['Pitesti', 138], ['Dobreta', 75], ['Vaslui', 142], ['Hirsova', 98], ['Bucharest', 85], ['Urziceni', 98], ['Eforie', 86], ['Mehadia', 75], ['Craiova', 120]]
04/24/2022 04:46:44 AM 

04/24/2022 04:46:44 AM Removendo da lista: Pitesti
04/24/2022 04:46:44 AM Lista de Custo: [['Dobreta', 120], ['Dobreta', 75], ['Vaslui', 142], ['Hirsova', 98], ['Bucharest', 85], ['Urziceni', 98], ['Eforie', 86], ['Mehadia', 75], ['Craiova', 120]]
04/24/2022 04:46:44 AM 

04/24/2022 04:46:44 AM Custo menor atual: 142
04/24/2022 04:46:44 AM ===========================================================

04/24/2022 04:46:44 AM ===========================================================
04/24/2022 04:46:44 AM Nós percorridos: 19
04/24/2022 04:46:44 AM Cidade Atual: Vaslui
04/24/2022 04:46:44 AM Cidades Adj: [['Iasi', 92], ['Urziceni', 142]]
04/24/2022 04:46:44 AM Numero de Adjacentes: 2
04/24/2022 04:46:44 AM 

04/24/2022 04:46:44 AM Cidade Adjacente: Iasi
04/24/2022 04:46:44 AM Distancia: 92
04/24/2022 04:46:44 AM Custo: 92 = 92
04/24/2022 04:46:44 AM Visitada: False
04/24/2022 04:46:44 AM 

04/24/2022 04:46:44 AM Cidade Adjacente: Urziceni
04/24/2022 04:46:44 AM Distancia: 142
04/24/2022 04:46:44 AM Custo: 142 = 142
04/24/2022 04:46:44 AM Visitada: True
04/24/2022 04:46:44 AM 

04/24/2022 04:46:44 AM Definindo próxima cidade na rota...
04/24/2022 04:46:44 AM Lista de Custo: [['Dobreta', 120], ['Dobreta', 75], ['Vaslui', 142], ['Hirsova', 98], ['Bucharest', 85], ['Urziceni', 98], ['Eforie', 86], ['Mehadia', 75], ['Craiova', 120], ['Iasi', 92], ['Urziceni', 142]]
04/24/2022 04:46:44 AM 120
04/24/2022 04:46:44 AM Removendo da lista: Dobreta
04/24/2022 04:46:44 AM Lista de Custo: [['Dobreta', 75], ['Vaslui', 142], ['Hirsova', 98], ['Bucharest', 85], ['Urziceni', 98], ['Eforie', 86], ['Mehadia', 75], ['Craiova', 120], ['Iasi', 92], ['Urziceni', 142]]
04/24/2022 04:46:44 AM 

04/24/2022 04:46:44 AM 

04/24/2022 04:46:44 AM Removendo da lista: Hirsova
04/24/2022 04:46:44 AM Lista de Custo: [['Dobreta', 75], ['Vaslui', 142], ['Bucharest', 85], ['Urziceni', 98], ['Eforie', 86], ['Mehadia', 75], ['Craiova', 120], ['Iasi', 92], ['Urziceni', 142]]
04/24/2022 04:46:44 AM 

04/24/2022 04:46:44 AM Removendo da lista: Urziceni
04/24/2022 04:46:44 AM Lista de Custo: [['Dobreta', 75], ['Vaslui', 142], ['Bucharest', 85], ['Eforie', 86], ['Mehadia', 75], ['Craiova', 120], ['Iasi', 92], ['Urziceni', 142]]
04/24/2022 04:46:44 AM 

04/24/2022 04:46:44 AM Removendo da lista: Mehadia
04/24/2022 04:46:44 AM Lista de Custo: [['Dobreta', 75], ['Vaslui', 142], ['Bucharest', 85], ['Eforie', 86], ['Craiova', 120], ['Iasi', 92], ['Urziceni', 142]]
04/24/2022 04:46:44 AM 

04/24/2022 04:46:44 AM Custo menor atual: 92
04/24/2022 04:46:44 AM ===========================================================

04/24/2022 04:46:44 AM ===========================================================
04/24/2022 04:46:44 AM Nós percorridos: 20
04/24/2022 04:46:44 AM Cidade Atual: Iasi
04/24/2022 04:46:44 AM Cidades Adj: [['Neamt', 87], ['Vaslui', 92]]
04/24/2022 04:46:44 AM Numero de Adjacentes: 2
04/24/2022 04:46:44 AM 

04/24/2022 04:46:44 AM Cidade Adjacente: Neamt
04/24/2022 04:46:44 AM Distancia: 87
04/24/2022 04:46:44 AM Custo: 87 = 87
04/24/2022 04:46:44 AM Visitada: False
04/24/2022 04:46:44 AM 

04/24/2022 04:46:44 AM Cidade Adjacente: Vaslui
04/24/2022 04:46:44 AM Distancia: 92
04/24/2022 04:46:44 AM Custo: 92 = 92
04/24/2022 04:46:44 AM Visitada: True
04/24/2022 04:46:44 AM 

04/24/2022 04:46:44 AM Definindo próxima cidade na rota...
04/24/2022 04:46:44 AM Lista de Custo: [['Dobreta', 75], ['Vaslui', 142], ['Bucharest', 85], ['Eforie', 86], ['Craiova', 120], ['Iasi', 92], ['Urziceni', 142], ['Neamt', 87], ['Vaslui', 92]]
04/24/2022 04:46:44 AM 75
04/24/2022 04:46:44 AM Removendo da lista: Dobreta
04/24/2022 04:46:44 AM Lista de Custo: [['Vaslui', 142], ['Bucharest', 85], ['Eforie', 86], ['Craiova', 120], ['Iasi', 92], ['Urziceni', 142], ['Neamt', 87], ['Vaslui', 92]]
04/24/2022 04:46:44 AM 

04/24/2022 04:46:44 AM 

04/24/2022 04:46:44 AM 

04/24/2022 04:46:44 AM 

04/24/2022 04:46:44 AM 

04/24/2022 04:46:44 AM 

04/24/2022 04:46:44 AM 

04/24/2022 04:46:44 AM 

04/24/2022 04:46:44 AM ===========================================================

04/24/2022 04:46:44 AM ===========================================================
04/24/2022 04:46:44 AM Nós percorridos: 21
04/24/2022 04:46:44 AM Cidade Atual: Vaslui
04/24/2022 04:46:44 AM Cidades Adj: [['Iasi', 92], ['Urziceni', 142]]
04/24/2022 04:46:44 AM Numero de Adjacentes: 2
04/24/2022 04:46:44 AM 

04/24/2022 04:46:44 AM Cidade Adjacente: Iasi
04/24/2022 04:46:44 AM Distancia: 92
04/24/2022 04:46:44 AM Custo: 92 = 92
04/24/2022 04:46:44 AM Visitada: True
04/24/2022 04:46:44 AM 

04/24/2022 04:46:44 AM Cidade Adjacente: Urziceni
04/24/2022 04:46:44 AM Distancia: 142
04/24/2022 04:46:44 AM Custo: 142 = 142
04/24/2022 04:46:44 AM Visitada: True
04/24/2022 04:46:44 AM 

04/24/2022 04:46:44 AM Definindo próxima cidade na rota...
04/24/2022 04:46:44 AM Lista de Custo: [['Vaslui', 142], ['Bucharest', 85], ['Eforie', 86], ['Craiova', 120], ['Iasi', 92], ['Urziceni', 142], ['Neamt', 87], ['Vaslui', 92], ['Iasi', 92], ['Urziceni', 142]]
04/24/2022 04:46:44 AM 142
04/24/2022 04:46:44 AM Removendo da lista: Vaslui
04/24/2022 04:46:44 AM Lista de Custo: [['Bucharest', 85], ['Eforie', 86], ['Craiova', 120], ['Iasi', 92], ['Urziceni', 142], ['Neamt', 87], ['Vaslui', 92], ['Iasi', 92], ['Urziceni', 142]]
04/24/2022 04:46:44 AM 

04/24/2022 04:46:44 AM Custo menor atual: 86
04/24/2022 04:46:44 AM ===========================================================

04/24/2022 04:46:44 AM ===========================================================
04/24/2022 04:46:44 AM Nós percorridos: 22
04/24/2022 04:46:44 AM Cidade Atual: Eforie
04/24/2022 04:46:44 AM Cidades Adj: [['Hirsova', 86]]
04/24/2022 04:46:44 AM Numero de Adjacentes: 1
04/24/2022 04:46:44 AM 

04/24/2022 04:46:44 AM Cidade Adjacente: Hirsova
04/24/2022 04:46:44 AM Distancia: 86
04/24/2022 04:46:44 AM Custo: 86 = 86
04/24/2022 04:46:44 AM Visitada: True
04/24/2022 04:46:44 AM 

04/24/2022 04:46:44 AM Definindo próxima cidade na rota...
04/24/2022 04:46:44 AM Lista de Custo: [['Bucharest', 85], ['Eforie', 86], ['Craiova', 120], ['Iasi', 92], ['Urziceni', 142], ['Neamt', 87], ['Vaslui', 92], ['Iasi', 92], ['Urziceni', 142], ['Hirsova', 86]]
04/24/2022 04:46:44 AM 85
04/24/2022 04:46:44 AM Removendo da lista: Bucharest
04/24/2022 04:46:44 AM Lista de Custo: [['Eforie', 86], ['Craiova', 120], ['Iasi', 92], ['Urziceni', 142], ['Neamt', 87], ['Vaslui', 92], ['Iasi', 92], ['Urziceni', 142], ['Hirsova', 86]]
04/24/2022 04:46:44 AM 

04/24/2022 04:46:44 AM 

04/24/2022 04:46:44 AM 

04/24/2022 04:46:44 AM 

04/24/2022 04:46:44 AM 

04/24/2022 04:46:44 AM 

04/24/2022 04:46:44 AM 

04/24/2022 04:46:44 AM 

04/24/2022 04:46:44 AM 

04/24/2022 04:46:44 AM ===========================================================

04/24/2022 04:46:44 AM ===========================================================
04/24/2022 04:46:44 AM Nós percorridos: 23
04/24/2022 04:46:44 AM Cidade Atual: Eforie
04/24/2022 04:46:44 AM Cidades Adj: [['Hirsova', 86]]
04/24/2022 04:46:44 AM Numero de Adjacentes: 1
04/24/2022 04:46:44 AM 

04/24/2022 04:46:44 AM Cidade Adjacente: Hirsova
04/24/2022 04:46:44 AM Distancia: 86
04/24/2022 04:46:44 AM Custo: 86 = 86
04/24/2022 04:46:44 AM Visitada: True
04/24/2022 04:46:44 AM 

04/24/2022 04:46:44 AM Definindo próxima cidade na rota...
04/24/2022 04:46:44 AM Lista de Custo: [['Eforie', 86], ['Craiova', 120], ['Iasi', 92], ['Urziceni', 142], ['Neamt', 87], ['Vaslui', 92], ['Iasi', 92], ['Urziceni', 142], ['Hirsova', 86], ['Hirsova', 86]]
04/24/2022 04:46:44 AM 86
04/24/2022 04:46:44 AM Removendo da lista: Eforie
04/24/2022 04:46:44 AM Lista de Custo: [['Craiova', 120], ['Iasi', 92], ['Urziceni', 142], ['Neamt', 87], ['Vaslui', 92], ['Iasi', 92], ['Urziceni', 142], ['Hirsova', 86], ['Hirsova', 86]]
04/24/2022 04:46:44 AM 

04/24/2022 04:46:44 AM 

04/24/2022 04:46:44 AM 

04/24/2022 04:46:44 AM 

04/24/2022 04:46:44 AM 

04/24/2022 04:46:44 AM 

04/24/2022 04:46:44 AM 

04/24/2022 04:46:44 AM Removendo da lista: Hirsova
04/24/2022 04:46:44 AM Lista de Custo: [['Craiova', 120], ['Iasi', 92], ['Urziceni', 142], ['Neamt', 87], ['Vaslui', 92], ['Iasi', 92], ['Urziceni', 142], ['Hirsova', 86]]
04/24/2022 04:46:44 AM 

04/24/2022 04:46:44 AM ===========================================================

04/24/2022 04:46:44 AM ===========================================================
04/24/2022 04:46:44 AM Nós percorridos: 24
04/24/2022 04:46:44 AM Cidade Atual: Craiova
04/24/2022 04:46:44 AM Cidades Adj: [['Dobreta', 120], ['RimnicuVilcea', 146], ['Pitesti', 138]]
04/24/2022 04:46:44 AM Numero de Adjacentes: 3
04/24/2022 04:46:44 AM 

04/24/2022 04:46:44 AM Cidade Adjacente: Dobreta
04/24/2022 04:46:44 AM Distancia: 120
04/24/2022 04:46:44 AM Custo: 120 = 120
04/24/2022 04:46:44 AM Visitada: True
04/24/2022 04:46:44 AM 

04/24/2022 04:46:44 AM Cidade Adjacente: RimnicuVilcea
04/24/2022 04:46:44 AM Distancia: 146
04/24/2022 04:46:44 AM Custo: 146 = 146
04/24/2022 04:46:44 AM Visitada: True
04/24/2022 04:46:44 AM 

04/24/2022 04:46:44 AM Cidade Adjacente: Pitesti
04/24/2022 04:46:44 AM Distancia: 138
04/24/2022 04:46:44 AM Custo: 138 = 138
04/24/2022 04:46:44 AM Visitada: True
04/24/2022 04:46:44 AM 

04/24/2022 04:46:44 AM Definindo próxima cidade na rota...
04/24/2022 04:46:44 AM Lista de Custo: [['Craiova', 120], ['Iasi', 92], ['Urziceni', 142], ['Neamt', 87], ['Vaslui', 92], ['Iasi', 92], ['Urziceni', 142], ['Hirsova', 86], ['Dobreta', 120], ['RimnicuVilcea', 146], ['Pitesti', 138]]
04/24/2022 04:46:44 AM 120
04/24/2022 04:46:44 AM Removendo da lista: Craiova
04/24/2022 04:46:44 AM Lista de Custo: [['Iasi', 92], ['Urziceni', 142], ['Neamt', 87], ['Vaslui', 92], ['Iasi', 92], ['Urziceni', 142], ['Hirsova', 86], ['Dobreta', 120], ['RimnicuVilcea', 146], ['Pitesti', 138]]
04/24/2022 04:46:44 AM 

04/24/2022 04:46:44 AM 

04/24/2022 04:46:44 AM Custo menor atual: 87
04/24/2022 04:46:44 AM ===========================================================

04/24/2022 04:46:44 AM ===========================================================
04/24/2022 04:46:44 AM Cidade Atual: Neamt
04/24/2022 04:46:44 AM Cidades Adj: [['Iasi', 87]]
04/24/2022 04:46:44 AM Tempo de execução Busca Uniforme: 0.10677504539489746 segundos
04/24/2022 05:19:49 AM ===========================================================
04/24/2022 05:19:49 AM Cidade Inicial: Arad
04/24/2022 05:19:49 AM Cidade Objetivo: Neamt
04/24/2022 05:19:49 AM ===========================================================

04/24/2022 05:19:49 AM ===========================================================
04/24/2022 05:19:49 AM Nós percorridos: 1
04/24/2022 05:19:49 AM Cidade Atual: Arad
04/24/2022 05:19:49 AM Cidades Adj: [['Zerind', 75], ['Sibiu', 140], ['Timisoara', 118]]
04/24/2022 05:19:49 AM Numero de Adjacentes: 3
04/24/2022 05:19:49 AM 

04/24/2022 05:33:49 AM ===========================================================
04/24/2022 05:33:49 AM Cidade Inicial: Arad
04/24/2022 05:33:49 AM Cidade Objetivo: Neamt
04/24/2022 05:33:49 AM ===========================================================

04/24/2022 05:33:49 AM ===========================================================
04/24/2022 05:33:49 AM Nós percorridos: 1
04/24/2022 05:33:49 AM Cidade Atual: Arad
04/24/2022 05:33:49 AM Cidades Adj: [['Zerind', 75], ['Sibiu', 140], ['Timisoara', 118]]
04/24/2022 05:33:49 AM Numero de Adjacentes: 3
04/24/2022 05:33:49 AM 

04/24/2022 05:33:49 AM Cidade Adjacente: Zerind
04/24/2022 05:33:49 AM Distancia: 75
04/24/2022 05:33:49 AM Custo: 75 = 75
04/24/2022 05:33:49 AM Visitada: False
04/24/2022 05:33:49 AM 

04/24/2022 05:33:49 AM Cidade Adjacente: Sibiu
04/24/2022 05:33:49 AM Distancia: 140
04/24/2022 05:33:49 AM Custo: 140 = 140
04/24/2022 05:33:49 AM Visitada: False
04/24/2022 05:33:49 AM 

04/24/2022 05:33:49 AM Cidade Adjacente: Timisoara
04/24/2022 05:33:49 AM Distancia: 118
04/24/2022 05:33:49 AM Custo: 118 = 118
04/24/2022 05:33:49 AM Visitada: False
04/24/2022 05:33:49 AM 

04/24/2022 05:33:49 AM Definindo próxima cidade na rota...
04/24/2022 05:33:49 AM Lista de Custo: [['Zerind', 75], ['Sibiu', 140], ['Timisoara', 118]]
04/24/2022 05:33:49 AM 75
04/24/2022 05:33:49 AM Custo menor atual: 75
04/24/2022 05:33:49 AM ===========================================================

